[2025-09-17 21:31:05] ✅ 解析成功 - https://raw.githubusercontent.com/katelya77/KatelyaTV/3ce1bd1ce4be0e8663766959e18c16387f573fac/config.json - 作者: katelya77, 更新时间: unknown, 大小: 0.0 KB
[2025-09-17 21:31:06] ✅ 解析成功 - https://raw.githubusercontent.com/hafrey1/LunaTV-config/4520583419a8bf3182098fd38bd5dc8725886eea/bukadun.json - 作者: hafrey1, 更新时间: unknown, 大小: 0.0 KB
[2025-09-17 21:31:07] ✅ 解析成功 - https://raw.githubusercontent.com/Stardm0/MoonTV/8b80486153e1e36a28a96b7d93d16179385ca515/config.json - 作者: Stardm0, 更新时间: unknown, 大小: 0.0 KB
[2025-09-17 21:31:08] ✅ 解析成功 - https://raw.githubusercontent.com/hjdhnx/drpy-node/8b288ee8d3f077da0fbda4ce6128dd219539ef17/scripts/mjs/moontv.json - 作者: hjdhnx, 更新时间: unknown, 大小: 0.0 KB
[2025-09-17 21:31:10] ✅ 解析成功 - https://raw.githubusercontent.com/lovevampplus/cfdata/48ae504408e44ef0a64d175cca50bc57efde28b7/moontv-config.json - 作者: lovevampplus, 更新时间: unknown, 大小: 0.0 KB
[2025-09-17 21:31:11] ✅ 解析成功 - https://raw.githubusercontent.com/webshellren/XMoonTV/ef052045a4f7a3a10c5907da4d30e3a90984b03b/config.json - 作者: webshellren, 更新时间: unknown, 大小: 0.0 KB
[2025-09-17 21:31:12] ✅ 解析成功 - https://raw.githubusercontent.com/adminlove520/ZySource-Collector/7338efa8ac27c42ca3f1a07ca3042b3a62cdcd2e/TV_collector/config_isadult.json - 作者: adminlove520, 更新时间: unknown, 大小: 0.0 KB
[2025-09-17 21:31:13] ✅ 解析成功 - https://raw.githubusercontent.com/SCXSVIP/TV/e7bc32117505d2bda3b31ade3dc96114c6ce623c/MoonTV/MoonTV-xs.json - 作者: SCXSVIP, 更新时间: unknown, 大小: 0.0 KB
[2025-09-17 21:31:14] ✅ 解析成功 - https://raw.githubusercontent.com/Pundsup/Live/bbe91626e69115bc3ff85563f4e382ecca41dc62/yszy.json - 作者: Pundsup, 更新时间: unknown, 大小: 0.0 KB
[2025-09-17 21:31:16] ✅ 解析成功 - https://raw.githubusercontent.com/sk3879921/tvjson/08db450c7edd85e8400aea409a9a37b7ad12226c/q.json - 作者: sk3879921, 更新时间: unknown, 大小: 0.0 KB
[2025-09-17 21:31:17] ✅ 解析成功 - https://raw.githubusercontent.com/chat263/tvjson/101fa5316b077c1f76ffd29af736826ef9aec168/m.json - 作者: chat263, 更新时间: unknown, 大小: 0.0 KB
[2025-09-17 21:31:18] ✅ 解析成功 - https://raw.githubusercontent.com/hanzhenya/hzyiptv/89d54a3700c0a28fa6682498c462a4af2112b95b/config(%E8%80%81).json - 作者: hanzhenya, 更新时间: unknown, 大小: 0.0 KB
[2025-09-17 21:31:20] ✅ 解析成功 - https://raw.githubusercontent.com/yjh800307/yjh800307.github.io/5d4deeb43a40e72546c31f43d6a29f52d4496561/moontv.json - 作者: yjh800307, 更新时间: unknown, 大小: 0.0 KB
[2025-09-17 21:31:21] ❌ JSON语法错误 - https://raw.githubusercontent.com/hafrey1/MoonTV1.1.1/614f381e5312d9821bd5fe058f9eed9426e96d23/config.json - Expecting value: line 151 column 1 (char 5001)
[2025-09-17 21:31:22] ✅ 解析成功 - https://raw.githubusercontent.com/sammy0101/myself/061a575bad1692315c8e41d97837db8bc1649855/MoonTV-config.json - 作者: sammy0101, 更新时间: unknown, 大小: 0.0 KB
[2025-09-17 21:31:24] ✅ 解析成功 - https://raw.githubusercontent.com/xqrock/openfile/d5499b069e4901c98e674935c5d2b295413d9d5b/config/vod.json - 作者: xqrock, 更新时间: unknown, 大小: 0.0 KB
[2025-09-17 21:31:25] ✅ 解析成功 - https://raw.githubusercontent.com/gxnas/TvBox/73fe7b54b2ac132896f821f76e6a877079250c81/20250823.json - 作者: gxnas, 更新时间: unknown, 大小: 0.0 KB
[2025-09-17 21:31:26] ✅ 解析成功 - https://raw.githubusercontent.com/yutian81/data-source/97c13655052a73d5f455801eed3d366b97acf3ce/OrionTV/config.json - 作者: yutian81, 更新时间: unknown, 大小: 0.0 KB
[2025-09-17 21:31:27] ✅ 解析成功 - https://raw.githubusercontent.com/PAICNI/Videos_PLUS/b51ff1521a1e77f17ad538ccfd3c100cc42e0663/MoonTV%E8%A7%86%E9%A2%91%E6%BA%90Plus%E7%89%88.json - 作者: PAICNI, 更新时间: unknown, 大小: 0.0 KB
[2025-09-17 21:31:28] ✅ 解析成功 - https://raw.githubusercontent.com/moli-xia/MoonTV-app/aea64cc2504b56ea05e23fc2af49c7ed5a305dea/config.json - 作者: moli-xia, 更新时间: unknown, 大小: 0.0 KB
[2025-09-17 21:31:30] ✅ 解析成功 - https://raw.githubusercontent.com/Jonney111/jonney_clash/2a8545f0367a753599af049d670f0d37c17b5738/moontv.json - 作者: Jonney111, 更新时间: unknown, 大小: 0.0 KB
[2025-09-17 21:31:31] ✅ 解析成功 - https://raw.githubusercontent.com/wenxiblog/WenXiTV/858aa80242728dbcb74a4b913eb92ebcaf6da04a/config.json - 作者: wenxiblog, 更新时间: unknown, 大小: 0.0 KB
[2025-09-17 21:31:32] ✅ 解析成功 - https://raw.githubusercontent.com/Pundsup/Live/bbe91626e69115bc3ff85563f4e382ecca41dc62/yszyby.json - 作者: Pundsup, 更新时间: unknown, 大小: 0.0 KB
[2025-09-17 21:31:33] ✅ 解析成功 - https://raw.githubusercontent.com/samqin123/MoonTV/c0bba763d16fb5cd830a808d58329025337491cf/config.json - 作者: samqin123, 更新时间: unknown, 大小: 0.0 KB
[2025-09-17 21:31:35] ✅ 解析成功 - https://raw.githubusercontent.com/zhumengkang/edgeone-moontv/262ce332a93ba34966adb07761e7bfab8faab7bf/config.json - 作者: zhumengkang, 更新时间: unknown, 大小: 0.0 KB
[2025-09-17 21:31:36] ✅ 解析成功 - https://raw.githubusercontent.com/kpsmail/new/b8a37cc90e6deca63c8dae4746eeb8321cb140dc/config.json - 作者: kpsmail, 更新时间: unknown, 大小: 0.0 KB
[2025-09-17 21:31:37] ✅ 解析成功 - https://raw.githubusercontent.com/Attiv/oriontv2/0c96b863bdf012b81f27cfeca03e3a7a1720d415/backend/src/config/config.json - 作者: Attiv, 更新时间: unknown, 大小: 0.0 KB
[2025-09-17 21:31:38] ✅ 解析成功 - https://raw.githubusercontent.com/lovevampplus/cfdata/48ae504408e44ef0a64d175cca50bc57efde28b7/96.json - 作者: lovevampplus, 更新时间: unknown, 大小: 0.0 KB
[2025-09-17 21:31:39] ✅ 解析成功 - https://raw.githubusercontent.com/katelya77/KatelyaTV/3ce1bd1ce4be0e8663766959e18c16387f573fac/config.example.json - 作者: katelya77, 更新时间: unknown, 大小: 0.0 KB
[2025-09-17 21:31:41] ✅ 解析成功 - https://raw.githubusercontent.com/hafrey1/LunaTV-config/4520583419a8bf3182098fd38bd5dc8725886eea/luna-tv-config.json - 作者: hafrey1, 更新时间: unknown, 大小: 0.0 KB
[2025-09-17 21:36:34] ✅ 解析成功 - https://raw.githubusercontent.com/katelya77/KatelyaTV/3ce1bd1ce4be0e8663766959e18c16387f573fac/config.json - 作者: katelya77, 更新时间: unknown, 大小: 0.0 KB
[2025-09-17 21:36:35] ✅ 解析成功 - https://raw.githubusercontent.com/hafrey1/LunaTV-config/b5334aaea91b103ca4eea9f985ad340eccb79fe2/bukadun.json - 作者: hafrey1, 更新时间: unknown, 大小: 0.0 KB
[2025-09-17 21:36:36] ✅ 解析成功 - https://raw.githubusercontent.com/Stardm0/MoonTV/8b80486153e1e36a28a96b7d93d16179385ca515/config.json - 作者: Stardm0, 更新时间: unknown, 大小: 0.0 KB
[2025-09-17 21:36:37] ✅ 解析成功 - https://raw.githubusercontent.com/hjdhnx/drpy-node/8b288ee8d3f077da0fbda4ce6128dd219539ef17/scripts/mjs/moontv.json - 作者: hjdhnx, 更新时间: unknown, 大小: 0.0 KB
[2025-09-17 21:36:38] ✅ 解析成功 - https://raw.githubusercontent.com/lovevampplus/cfdata/48ae504408e44ef0a64d175cca50bc57efde28b7/moontv-config.json - 作者: lovevampplus, 更新时间: unknown, 大小: 0.0 KB
[2025-09-17 21:36:39] ✅ 解析成功 - https://raw.githubusercontent.com/webshellren/XMoonTV/ef052045a4f7a3a10c5907da4d30e3a90984b03b/config.json - 作者: webshellren, 更新时间: unknown, 大小: 0.0 KB
[2025-09-17 21:36:40] ✅ 解析成功 - https://raw.githubusercontent.com/adminlove520/ZySource-Collector/7338efa8ac27c42ca3f1a07ca3042b3a62cdcd2e/TV_collector/config_isadult.json - 作者: adminlove520, 更新时间: unknown, 大小: 0.0 KB
[2025-09-17 21:36:41] ✅ 解析成功 - https://raw.githubusercontent.com/SCXSVIP/TV/e7bc32117505d2bda3b31ade3dc96114c6ce623c/MoonTV/MoonTV-xs.json - 作者: SCXSVIP, 更新时间: unknown, 大小: 0.0 KB
[2025-09-17 21:36:42] ✅ 解析成功 - https://raw.githubusercontent.com/Pundsup/Live/bbe91626e69115bc3ff85563f4e382ecca41dc62/yszy.json - 作者: Pundsup, 更新时间: unknown, 大小: 0.0 KB
[2025-09-17 21:36:44] ✅ 解析成功 - https://raw.githubusercontent.com/sk3879921/tvjson/08db450c7edd85e8400aea409a9a37b7ad12226c/q.json - 作者: sk3879921, 更新时间: unknown, 大小: 0.0 KB
[2025-09-17 21:36:45] ✅ 解析成功 - https://raw.githubusercontent.com/chat263/tvjson/101fa5316b077c1f76ffd29af736826ef9aec168/m.json - 作者: chat263, 更新时间: unknown, 大小: 0.0 KB
[2025-09-17 21:36:46] ✅ 解析成功 - https://raw.githubusercontent.com/hanzhenya/hzyiptv/89d54a3700c0a28fa6682498c462a4af2112b95b/config(%E8%80%81).json - 作者: hanzhenya, 更新时间: unknown, 大小: 0.0 KB
[2025-09-17 21:36:47] ✅ 解析成功 - https://raw.githubusercontent.com/yjh800307/yjh800307.github.io/5d4deeb43a40e72546c31f43d6a29f52d4496561/moontv.json - 作者: yjh800307, 更新时间: unknown, 大小: 0.0 KB
[2025-09-17 21:36:49] ❌ JSON语法错误 - https://raw.githubusercontent.com/hafrey1/MoonTV1.1.1/614f381e5312d9821bd5fe058f9eed9426e96d23/config.json - Expecting value: line 151 column 1 (char 5001)
[2025-09-17 21:36:50] ✅ 解析成功 - https://raw.githubusercontent.com/sammy0101/myself/061a575bad1692315c8e41d97837db8bc1649855/MoonTV-config.json - 作者: sammy0101, 更新时间: unknown, 大小: 0.0 KB
[2025-09-17 21:36:51] ✅ 解析成功 - https://raw.githubusercontent.com/xqrock/openfile/d5499b069e4901c98e674935c5d2b295413d9d5b/config/vod.json - 作者: xqrock, 更新时间: unknown, 大小: 0.0 KB
[2025-09-17 21:36:52] ✅ 解析成功 - https://raw.githubusercontent.com/gxnas/TvBox/73fe7b54b2ac132896f821f76e6a877079250c81/20250823.json - 作者: gxnas, 更新时间: unknown, 大小: 0.0 KB
[2025-09-17 21:36:54] ✅ 解析成功 - https://raw.githubusercontent.com/yutian81/data-source/97c13655052a73d5f455801eed3d366b97acf3ce/OrionTV/config.json - 作者: yutian81, 更新时间: unknown, 大小: 0.0 KB
[2025-09-17 21:36:55] ✅ 解析成功 - https://raw.githubusercontent.com/PAICNI/Videos_PLUS/b51ff1521a1e77f17ad538ccfd3c100cc42e0663/MoonTV%E8%A7%86%E9%A2%91%E6%BA%90Plus%E7%89%88.json - 作者: PAICNI, 更新时间: unknown, 大小: 0.0 KB
[2025-09-17 21:36:56] ✅ 解析成功 - https://raw.githubusercontent.com/moli-xia/MoonTV-app/aea64cc2504b56ea05e23fc2af49c7ed5a305dea/config.json - 作者: moli-xia, 更新时间: unknown, 大小: 0.0 KB
[2025-09-17 21:36:57] ✅ 解析成功 - https://raw.githubusercontent.com/Jonney111/jonney_clash/2a8545f0367a753599af049d670f0d37c17b5738/moontv.json - 作者: Jonney111, 更新时间: unknown, 大小: 0.0 KB
[2025-09-17 21:36:59] ✅ 解析成功 - https://raw.githubusercontent.com/wenxiblog/WenXiTV/858aa80242728dbcb74a4b913eb92ebcaf6da04a/config.json - 作者: wenxiblog, 更新时间: unknown, 大小: 0.0 KB
[2025-09-17 21:37:00] ✅ 解析成功 - https://raw.githubusercontent.com/Pundsup/Live/bbe91626e69115bc3ff85563f4e382ecca41dc62/yszyby.json - 作者: Pundsup, 更新时间: unknown, 大小: 0.0 KB
[2025-09-17 21:37:01] ✅ 解析成功 - https://raw.githubusercontent.com/samqin123/MoonTV/c0bba763d16fb5cd830a808d58329025337491cf/config.json - 作者: samqin123, 更新时间: unknown, 大小: 0.0 KB
[2025-09-17 21:37:02] ✅ 解析成功 - https://raw.githubusercontent.com/zhumengkang/edgeone-moontv/262ce332a93ba34966adb07761e7bfab8faab7bf/config.json - 作者: zhumengkang, 更新时间: unknown, 大小: 0.0 KB
[2025-09-17 21:37:03] ✅ 解析成功 - https://raw.githubusercontent.com/kpsmail/new/b8a37cc90e6deca63c8dae4746eeb8321cb140dc/config.json - 作者: kpsmail, 更新时间: unknown, 大小: 0.0 KB
[2025-09-17 21:37:05] ✅ 解析成功 - https://raw.githubusercontent.com/Attiv/oriontv2/0c96b863bdf012b81f27cfeca03e3a7a1720d415/backend/src/config/config.json - 作者: Attiv, 更新时间: unknown, 大小: 0.0 KB
[2025-09-17 21:37:06] ✅ 解析成功 - https://raw.githubusercontent.com/lovevampplus/cfdata/48ae504408e44ef0a64d175cca50bc57efde28b7/96.json - 作者: lovevampplus, 更新时间: unknown, 大小: 0.0 KB
[2025-09-17 21:37:07] ✅ 解析成功 - https://raw.githubusercontent.com/katelya77/KatelyaTV/3ce1bd1ce4be0e8663766959e18c16387f573fac/config.example.json - 作者: katelya77, 更新时间: unknown, 大小: 0.0 KB
[2025-09-17 21:37:08] ✅ 解析成功 - https://raw.githubusercontent.com/hafrey1/LunaTV-config/b5334aaea91b103ca4eea9f985ad340eccb79fe2/luna-tv-config.json - 作者: hafrey1, 更新时间: unknown, 大小: 0.0 KB
[2025-09-17 15:11:04] ✅ 解析成功 - https://raw.githubusercontent.com/katelya77/KatelyaTV/3ce1bd1ce4be0e8663766959e18c16387f573fac/config.json - 作者: katelya77, 更新时间: unknown, 大小: 0.0 KB
[2025-09-17 15:11:05] ✅ 解析成功 - https://raw.githubusercontent.com/hafrey1/LunaTV-config/8c2ae4c78a7a0fecbe0cf63101a03d60b0abd67d/bukadun.json - 作者: hafrey1, 更新时间: unknown, 大小: 0.0 KB
[2025-09-17 15:11:05] ✅ 解析成功 - https://raw.githubusercontent.com/Stardm0/MoonTV/8b80486153e1e36a28a96b7d93d16179385ca515/config.json - 作者: Stardm0, 更新时间: unknown, 大小: 0.0 KB
[2025-09-17 15:11:05] ✅ 解析成功 - https://raw.githubusercontent.com/hjdhnx/drpy-node/8b288ee8d3f077da0fbda4ce6128dd219539ef17/scripts/mjs/moontv.json - 作者: hjdhnx, 更新时间: unknown, 大小: 0.0 KB
[2025-09-17 15:11:05] ✅ 解析成功 - https://raw.githubusercontent.com/lovevampplus/cfdata/48ae504408e44ef0a64d175cca50bc57efde28b7/moontv-config.json - 作者: lovevampplus, 更新时间: unknown, 大小: 0.0 KB
[2025-09-17 15:11:06] ✅ 解析成功 - https://raw.githubusercontent.com/webshellren/XMoonTV/ef052045a4f7a3a10c5907da4d30e3a90984b03b/config.json - 作者: webshellren, 更新时间: unknown, 大小: 0.0 KB
[2025-09-17 15:11:06] ✅ 解析成功 - https://raw.githubusercontent.com/adminlove520/ZySource-Collector/7338efa8ac27c42ca3f1a07ca3042b3a62cdcd2e/TV_collector/config_isadult.json - 作者: adminlove520, 更新时间: unknown, 大小: 0.0 KB
[2025-09-17 15:11:06] ✅ 解析成功 - https://raw.githubusercontent.com/SCXSVIP/TV/e7bc32117505d2bda3b31ade3dc96114c6ce623c/MoonTV/MoonTV-xs.json - 作者: SCXSVIP, 更新时间: unknown, 大小: 0.0 KB
[2025-09-17 15:11:06] ✅ 解析成功 - https://raw.githubusercontent.com/Pundsup/Live/bbe91626e69115bc3ff85563f4e382ecca41dc62/yszy.json - 作者: Pundsup, 更新时间: unknown, 大小: 0.0 KB
[2025-09-17 15:11:07] ✅ 解析成功 - https://raw.githubusercontent.com/sk3879921/tvjson/08db450c7edd85e8400aea409a9a37b7ad12226c/q.json - 作者: sk3879921, 更新时间: unknown, 大小: 0.0 KB
[2025-09-17 15:11:07] ✅ 解析成功 - https://raw.githubusercontent.com/chat263/tvjson/101fa5316b077c1f76ffd29af736826ef9aec168/m.json - 作者: chat263, 更新时间: unknown, 大小: 0.0 KB
[2025-09-17 15:11:07] ✅ 解析成功 - https://raw.githubusercontent.com/hanzhenya/hzyiptv/89d54a3700c0a28fa6682498c462a4af2112b95b/config(%E8%80%81).json - 作者: hanzhenya, 更新时间: unknown, 大小: 0.0 KB
[2025-09-17 15:11:07] ✅ 解析成功 - https://raw.githubusercontent.com/yjh800307/yjh800307.github.io/5d4deeb43a40e72546c31f43d6a29f52d4496561/moontv.json - 作者: yjh800307, 更新时间: unknown, 大小: 0.0 KB
[2025-09-17 15:11:08] ❌ JSON语法错误 - https://raw.githubusercontent.com/hafrey1/MoonTV1.1.1/614f381e5312d9821bd5fe058f9eed9426e96d23/config.json - Expecting value: line 151 column 1 (char 5001)
[2025-09-17 15:11:08] ✅ 解析成功 - https://raw.githubusercontent.com/sammy0101/myself/061a575bad1692315c8e41d97837db8bc1649855/MoonTV-config.json - 作者: sammy0101, 更新时间: unknown, 大小: 0.0 KB
[2025-09-17 15:11:08] ✅ 解析成功 - https://raw.githubusercontent.com/xqrock/openfile/d5499b069e4901c98e674935c5d2b295413d9d5b/config/vod.json - 作者: xqrock, 更新时间: unknown, 大小: 0.0 KB
[2025-09-17 15:11:09] ✅ 解析成功 - https://raw.githubusercontent.com/gxnas/TvBox/73fe7b54b2ac132896f821f76e6a877079250c81/20250823.json - 作者: gxnas, 更新时间: unknown, 大小: 0.0 KB
[2025-09-17 15:11:09] ✅ 解析成功 - https://raw.githubusercontent.com/yutian81/data-source/97c13655052a73d5f455801eed3d366b97acf3ce/OrionTV/config.json - 作者: yutian81, 更新时间: unknown, 大小: 0.0 KB
[2025-09-17 15:11:09] ✅ 解析成功 - https://raw.githubusercontent.com/PAICNI/Videos_PLUS/b51ff1521a1e77f17ad538ccfd3c100cc42e0663/MoonTV%E8%A7%86%E9%A2%91%E6%BA%90Plus%E7%89%88.json - 作者: PAICNI, 更新时间: unknown, 大小: 0.0 KB
[2025-09-17 15:11:09] ✅ 解析成功 - https://raw.githubusercontent.com/moli-xia/MoonTV-app/aea64cc2504b56ea05e23fc2af49c7ed5a305dea/config.json - 作者: moli-xia, 更新时间: unknown, 大小: 0.0 KB
[2025-09-17 15:11:10] ✅ 解析成功 - https://raw.githubusercontent.com/Jonney111/jonney_clash/2a8545f0367a753599af049d670f0d37c17b5738/moontv.json - 作者: Jonney111, 更新时间: unknown, 大小: 0.0 KB
[2025-09-17 15:11:10] ✅ 解析成功 - https://raw.githubusercontent.com/wenxiblog/WenXiTV/858aa80242728dbcb74a4b913eb92ebcaf6da04a/config.json - 作者: wenxiblog, 更新时间: unknown, 大小: 0.0 KB
[2025-09-17 15:11:10] ✅ 解析成功 - https://raw.githubusercontent.com/Pundsup/Live/bbe91626e69115bc3ff85563f4e382ecca41dc62/yszyby.json - 作者: Pundsup, 更新时间: unknown, 大小: 0.0 KB
[2025-09-17 15:11:10] ✅ 解析成功 - https://raw.githubusercontent.com/samqin123/MoonTV/c0bba763d16fb5cd830a808d58329025337491cf/config.json - 作者: samqin123, 更新时间: unknown, 大小: 0.0 KB
[2025-09-17 15:11:11] ✅ 解析成功 - https://raw.githubusercontent.com/zhumengkang/edgeone-moontv/262ce332a93ba34966adb07761e7bfab8faab7bf/config.json - 作者: zhumengkang, 更新时间: unknown, 大小: 0.0 KB
[2025-09-17 15:11:11] ✅ 解析成功 - https://raw.githubusercontent.com/kpsmail/new/b8a37cc90e6deca63c8dae4746eeb8321cb140dc/config.json - 作者: kpsmail, 更新时间: unknown, 大小: 0.0 KB
[2025-09-17 15:11:11] ✅ 解析成功 - https://raw.githubusercontent.com/Attiv/oriontv2/0c96b863bdf012b81f27cfeca03e3a7a1720d415/backend/src/config/config.json - 作者: Attiv, 更新时间: unknown, 大小: 0.0 KB
[2025-09-17 15:11:11] ✅ 解析成功 - https://raw.githubusercontent.com/lovevampplus/cfdata/48ae504408e44ef0a64d175cca50bc57efde28b7/96.json - 作者: lovevampplus, 更新时间: unknown, 大小: 0.0 KB
[2025-09-17 15:11:12] ✅ 解析成功 - https://raw.githubusercontent.com/katelya77/KatelyaTV/3ce1bd1ce4be0e8663766959e18c16387f573fac/config.example.json - 作者: katelya77, 更新时间: unknown, 大小: 0.0 KB
[2025-09-17 15:11:12] ✅ 解析成功 - https://raw.githubusercontent.com/hafrey1/LunaTV-config/8c2ae4c78a7a0fecbe0cf63101a03d60b0abd67d/luna-tv-config.json - 作者: hafrey1, 更新时间: unknown, 大小: 0.0 KB
